{"/home/paulo/Projects/suaOntologyVizTool/src/domain/ont-class.ts": {"path":"/home/paulo/Projects/suaOntologyVizTool/src/domain/ont-class.ts","statementMap":{"0":{"start":{"line":5,"column":39},"end":{"line":5,"column":null}},"1":{"start":{"line":6,"column":37},"end":{"line":6,"column":null}},"2":{"start":{"line":7,"column":40},"end":{"line":7,"column":null}},"3":{"start":{"line":14,"column":4},"end":{"line":14,"column":null}},"4":{"start":{"line":15,"column":4},"end":{"line":15,"column":null}},"5":{"start":{"line":16,"column":4},"end":{"line":16,"column":null}},"6":{"start":{"line":20,"column":4},"end":{"line":20,"column":null}},"7":{"start":{"line":21,"column":4},"end":{"line":21,"column":null}},"8":{"start":{"line":25,"column":4},"end":{"line":25,"column":null}},"9":{"start":{"line":29,"column":21},"end":{"line":29,"column":null}},"10":{"start":{"line":30,"column":23},"end":{"line":30,"column":null}},"11":{"start":{"line":30,"column":50},"end":{"line":30,"column":74}},"12":{"start":{"line":31,"column":4},"end":{"line":31,"column":null}}},"fnMap":{"0":{"name":"constructor","decl":{"start":{"line":13,"column":2},"end":{"line":13,"column":14}},"loc":{"start":{"line":13,"column":59},"end":{"line":17,"column":null}},"line":13},"1":{"name":"addSubclass","decl":{"start":{"line":19,"column":2},"end":{"line":19,"column":14}},"loc":{"start":{"line":19,"column":38},"end":{"line":22,"column":null}},"line":19},"2":{"name":"addIndividual","decl":{"start":{"line":24,"column":2},"end":{"line":24,"column":16}},"loc":{"start":{"line":24,"column":47},"end":{"line":26,"column":null}},"line":24},"3":{"name":"getAllDescendants","decl":{"start":{"line":28,"column":2},"end":{"line":28,"column":35}},"loc":{"start":{"line":28,"column":35},"end":{"line":32,"column":null}},"line":28},"4":{"name":"(anonymous_4)","decl":{"start":{"line":30,"column":32},"end":{"line":30,"column":41}},"loc":{"start":{"line":30,"column":50},"end":{"line":30,"column":74}},"line":30}},"branchMap":{},"s":{"0":5,"1":5,"2":5,"3":5,"4":5,"5":5,"6":3,"7":3,"8":0,"9":3,"10":3,"11":2,"12":3},"f":{"0":5,"1":3,"2":0,"3":3,"4":2},"b":{},"meta":{"lastBranch":0,"lastFunction":5,"lastStatement":13,"seen":{"s:5:39:5:Infinity":0,"s:6:37:6:Infinity":1,"s:7:40:7:Infinity":2,"f:13:2:13:14":0,"s:14:4:14:Infinity":3,"s:15:4:15:Infinity":4,"s:16:4:16:Infinity":5,"f:19:2:19:14":1,"s:20:4:20:Infinity":6,"s:21:4:21:Infinity":7,"f:24:2:24:16":2,"s:25:4:25:Infinity":8,"f:28:2:28:35":3,"s:29:21:29:Infinity":9,"s:30:23:30:Infinity":10,"f:30:32:30:41":4,"s:30:50:30:74":11,"s:31:4:31:Infinity":12},"fnNames":{}}}
}
